<?xml version="1.0" encoding="UTF-8"?>
<!-- Generated by org.testng.reporters.JUnitXMLReporter -->
<testsuite ignored="0" hostname="LAPTOP-MU6P7I45" failures="0" tests="10" name="Test" time="0.056" errors="0" timestamp="2022-12-30T11:39:26 IST">
  <testcase classname="advanceselenium.createproject" name="creatproject" time="0.009"/>
  <testcase classname="advanceselenium.createproject" name="deletproject" time="0.0"/>
  <testcase classname="advanceselenium.createproject" name="modifiedproject" time="0.001"/>
  <testcase classname="advanceselenium.ragistercustomer" name="creatproject" time="0.001"/>
  <testcase classname="advanceselenium.ragistercustomer" name="modifiedproject" time="0.001"/>
  <testcase classname="advanceselenium.creatcustomer" name="creatproject" time="0.001"/>
  <testcase classname="advanceselenium.creatcustomer" name="deletproject" time="0.001"/>
  <testcase classname="advanceselenium.creatcustomer" name="modifiedproject" time="0.001"/>
  <testcase classname="advanceselenium.deletproject" name="creatproject" time="0.001"/>
  <testcase classname="advanceselenium.deletproject" name="modifiedproject" time="0.001"/>
</testsuite> <!-- Test -->
